* Starting client
* Connecting to master process on port 6749
* Analyzing classpath: 
  - /home/dimitri/Documents/GitHub/java-algorithms-implementation/target/classes
  - /home/dimitri/.m2/repository/junit/junit/4.12/junit-4.12.jar
  - /home/dimitri/.m2/repository/org/hamcrest/hamcrest-core/1.3/hamcrest-core-1.3.jar
* Finished analyzing classpath
* Generating tests for class com.jwetherell.algorithms.mathematics.Knapsack
* Test criteria:
  - Line Coverage
  - Branch Coverage
  - Exception
  - Mutation testing (weak)
  - Method-Output Coverage
  - Top-Level Method Coverage
  - No-Exception Top-Level Method Coverage
  - Context Branch Coverage
* Setting up search algorithm for whole suite generation
[MASTER] 18:53:29.968 [pool-2-thread-1] WARN  TestSuiteSerialization - Cannot load tests because file does not exist: /home/dimitri/Documents/GitHub/java-algorithms-implementation/.evosuite/evosuite-seeds/com.jwetherell.algorithms.mathematics.Knapsack.seed
* Loaded 0 tests from /home/dimitri/Documents/GitHub/java-algorithms-implementation/.evosuite/evosuite-seeds/com.jwetherell.algorithms.mathematics.Knapsack.seed
* Total number of test goals: 
  - Line 33
  - Branch 23
  - Exception 0
  - MutationFactory 252
  - Output 3
  - Method 2
  - MethodNoException 2
  - CBranchFitnessFactory 23
* Using seed 1711839207736
* Starting evolution
* Search finished after 55s and 9 generations, 9145 statements, best individual has fitness: 27.533333333333335
* Writing sequences to pool
* Minimizing test suite
[MASTER] 18:54:34.138 [pool-2-thread-1] WARN  TestSuiteMinimizer - Minimization timeout. Roll back to original test suite
* Going to analyze the coverage criteria
* Coverage analysis for criterion LINE
* Coverage of criterion LINE: 97%
* Total number of goals: 33
* Number of covered goals: 32
* Coverage analysis for criterion BRANCH
* Coverage of criterion BRANCH: 87%
* Total number of goals: 23
* Number of covered goals: 20
* Coverage analysis for criterion EXCEPTION
* Coverage of criterion EXCEPTION: 100%
* Total number of goals: 4
* Number of covered goals: 4
* Coverage analysis for criterion WEAKMUTATION
* Coverage of criterion WEAKMUTATION: 91%
* Total number of goals: 252
* Number of covered goals: 230
* Coverage analysis for criterion OUTPUT
* Coverage of criterion OUTPUT: 100%
* Total number of goals: 3
* Number of covered goals: 3
* Coverage analysis for criterion METHOD
* Coverage of criterion METHOD: 100%
* Total number of goals: 2
* Number of covered goals: 2
* Coverage analysis for criterion METHODNOEXCEPTION
* Coverage of criterion METHODNOEXCEPTION: 100%
* Total number of goals: 2
* Number of covered goals: 2
* Coverage analysis for criterion CBRANCH
* Coverage of criterion CBRANCH: 87%
* Total number of goals: 23
* Number of covered goals: 20
* Generated 12 tests with total length 145
* Resulting test suite's coverage: 95% (average coverage for all fitness functions)
* Generating assertions
[MASTER] 18:54:46.695 [pool-2-thread-1] WARN  SimpleMutationAssertionGenerator - Reached maximum time to generate assertions, aborting assertion generation
* Resulting test suite's mutation score: 1%
* Compiling and checking tests
* Writing JUnit test case 'Knapsack_ESTest' to /home/dimitri/Documents/GitHub/java-algorithms-implementation/.evosuite/tmp_2024_03_30_18_37_43/tests
* Done!

