* Starting client
* Connecting to master process on port 13705
* Analyzing classpath: 
  - /home/dimitri/Documents/GitHub/java-algorithms-implementation/target/classes
  - /home/dimitri/.m2/repository/junit/junit/4.12/junit-4.12.jar
  - /home/dimitri/.m2/repository/org/hamcrest/hamcrest-core/1.3/hamcrest-core-1.3.jar
* Finished analyzing classpath
* Generating tests for class com.jwetherell.algorithms.mathematics.DiscreteLogarithm
* Test criteria:
  - Line Coverage
  - Branch Coverage
  - Exception
  - Mutation testing (weak)
  - Method-Output Coverage
  - Top-Level Method Coverage
  - No-Exception Top-Level Method Coverage
  - Context Branch Coverage
* Setting up search algorithm for whole suite generation
[MASTER] 18:58:52.858 [pool-2-thread-1] WARN  TestSuiteSerialization - Cannot load tests because file does not exist: /home/dimitri/Documents/GitHub/java-algorithms-implementation/.evosuite/evosuite-seeds/com.jwetherell.algorithms.mathematics.DiscreteLogarithm.seed
* Loaded 0 tests from /home/dimitri/Documents/GitHub/java-algorithms-implementation/.evosuite/evosuite-seeds/com.jwetherell.algorithms.mathematics.DiscreteLogarithm.seed
* Total number of test goals: 
  - Line 25
  - Branch 15
  - Exception 0
  - MutationFactory 425
  - Output 3
  - Method 1
  - MethodNoException 1
  - CBranchFitnessFactory 15
* Using seed 1711839530640
* Starting evolution
* Search finished after 58s and 0 generations, 108 statements, best individual has fitness: 2.0
* Writing sequences to pool
[MASTER] 18:59:50.192 [pool-2-thread-1] WARN  TimeController - Phase SEARCH lasted too long, 15 seconds more than allowed.
