* Starting client
* Connecting to master process on port 4860
* Analyzing classpath: 
  - /home/dimitri/Documents/GitHub/java-algorithms-implementation/target/classes
  - /home/dimitri/.m2/repository/junit/junit/4.12/junit-4.12.jar
  - /home/dimitri/.m2/repository/org/hamcrest/hamcrest-core/1.3/hamcrest-core-1.3.jar
* Finished analyzing classpath
* Generating tests for class com.jwetherell.algorithms.mathematics.FastFourierTransform
* Test criteria:
  - Line Coverage
  - Branch Coverage
  - Exception
  - Mutation testing (weak)
  - Method-Output Coverage
  - Top-Level Method Coverage
  - No-Exception Top-Level Method Coverage
  - Context Branch Coverage
* Setting up search algorithm for whole suite generation
[MASTER] 19:02:29.022 [pool-2-thread-1] WARN  TestSuiteSerialization - Cannot load tests because file does not exist: /home/dimitri/Documents/GitHub/java-algorithms-implementation/.evosuite/evosuite-seeds/com.jwetherell.algorithms.mathematics.FastFourierTransform.seed
* Loaded 0 tests from /home/dimitri/Documents/GitHub/java-algorithms-implementation/.evosuite/evosuite-seeds/com.jwetherell.algorithms.mathematics.FastFourierTransform.seed
* Total number of test goals: 
  - Line 17
  - Branch 8
  - Exception 0
  - MutationFactory 173
  - Output 0
  - Method 1
  - MethodNoException 1
  - CBranchFitnessFactory 8
* Using seed 1711839746280
* Starting evolution
* Search finished after 38s and 616 generations, 157534 statements, best individual has fitness: 2.333333333333333
* Writing sequences to pool
* Minimizing test suite
* Going to analyze the coverage criteria
* Coverage analysis for criterion LINE
* Coverage of criterion LINE: 94%
* Total number of goals: 17
* Number of covered goals: 16
* Coverage analysis for criterion BRANCH
* Coverage of criterion BRANCH: 100%
* Total number of goals: 8
* Number of covered goals: 8
* Coverage analysis for criterion EXCEPTION
* Coverage of criterion EXCEPTION: 100%
* Total number of goals: 2
* Number of covered goals: 2
* Coverage analysis for criterion WEAKMUTATION
* Coverage of criterion WEAKMUTATION: 98%
* Total number of goals: 173
* Number of covered goals: 170
* Coverage analysis for criterion OUTPUT
* Coverage of criterion OUTPUT: 100% (no goals)
* Coverage analysis for criterion METHOD
* Coverage of criterion METHOD: 100%
* Total number of goals: 1
* Number of covered goals: 1
* Coverage analysis for criterion METHODNOEXCEPTION
* Coverage of criterion METHODNOEXCEPTION: 100%
* Total number of goals: 1
* Number of covered goals: 1
* Coverage analysis for criterion CBRANCH
* Coverage of criterion CBRANCH: 100%
* Total number of goals: 8
* Number of covered goals: 8
* Generated 4 tests with total length 13
* Resulting test suite's coverage: 99% (average coverage for all fitness functions)
* Generating assertions
[MASTER] 19:03:13.865 [pool-2-thread-1] WARN  SimpleMutationAssertionGenerator - Reached maximum time to generate assertions, aborting assertion generation
* Resulting test suite's mutation score: 0%
* Compiling and checking tests
* Writing JUnit test case 'FastFourierTransform_ESTest' to /home/dimitri/Documents/GitHub/java-algorithms-implementation/.evosuite/tmp_2024_03_30_18_37_43/tests
* Done!

