* Starting client
* Connecting to master process on port 14056
* Analyzing classpath: 
  - /home/dimitri/Documents/GitHub/java-algorithms-implementation/target/classes
  - /home/dimitri/.m2/repository/junit/junit/4.12/junit-4.12.jar
  - /home/dimitri/.m2/repository/org/hamcrest/hamcrest-core/1.3/hamcrest-core-1.3.jar
* Finished analyzing classpath
* Generating tests for class com.jwetherell.algorithms.mathematics.GreatestCommonDivisor
* Test criteria:
  - Line Coverage
  - Branch Coverage
  - Exception
  - Mutation testing (weak)
  - Method-Output Coverage
  - Top-Level Method Coverage
  - No-Exception Top-Level Method Coverage
  - Context Branch Coverage
* Setting up search algorithm for whole suite generation
[MASTER] 19:01:13.806 [pool-2-thread-1] WARN  TestSuiteSerialization - Cannot load tests because file does not exist: /home/dimitri/Documents/GitHub/java-algorithms-implementation/.evosuite/evosuite-seeds/com.jwetherell.algorithms.mathematics.GreatestCommonDivisor.seed
* Loaded 0 tests from /home/dimitri/Documents/GitHub/java-algorithms-implementation/.evosuite/evosuite-seeds/com.jwetherell.algorithms.mathematics.GreatestCommonDivisor.seed
* Total number of test goals: 
  - Line 20
  - Branch 9
  - Exception 0
  - MutationFactory 116
  - Output 6
  - Method 3
  - MethodNoException 3
  - CBranchFitnessFactory 9
* Using seed 1711839672060
* Starting evolution
* Search finished after 40s and 0 generations, 1045 statements, best individual has fitness: 5.5
* Writing sequences to pool
* Minimizing test suite
[MASTER] 19:02:04.786 [pool-2-thread-1] WARN  TestSuiteMinimizer - Minimization timeout. Roll back to original test suite
* Going to analyze the coverage criteria
* Coverage analysis for criterion LINE
* Coverage of criterion LINE: 100%
* Total number of goals: 20
* Number of covered goals: 20
* Coverage analysis for criterion BRANCH
* Coverage of criterion BRANCH: 100%
* Total number of goals: 9
* Number of covered goals: 9
* Coverage analysis for criterion EXCEPTION
* Coverage of criterion EXCEPTION: 100%
* Total number of goals: 1
* Number of covered goals: 1
* Coverage analysis for criterion WEAKMUTATION
* Coverage of criterion WEAKMUTATION: 93%
* Total number of goals: 116
* Number of covered goals: 108
* Coverage analysis for criterion OUTPUT
* Coverage of criterion OUTPUT: 83%
* Total number of goals: 6
* Number of covered goals: 5
* Coverage analysis for criterion METHOD
* Coverage of criterion METHOD: 100%
* Total number of goals: 3
* Number of covered goals: 3
* Coverage analysis for criterion METHODNOEXCEPTION
* Coverage of criterion METHODNOEXCEPTION: 100%
* Total number of goals: 3
* Number of covered goals: 3
* Coverage analysis for criterion CBRANCH
* Coverage of criterion CBRANCH: 100%
* Total number of goals: 9
* Number of covered goals: 9
* Generated 9 tests with total length 194
* Resulting test suite's coverage: 97% (average coverage for all fitness functions)
* Generating assertions
[MASTER] 19:02:15.814 [pool-2-thread-1] WARN  SimpleMutationAssertionGenerator - Reached maximum time to generate assertions, aborting assertion generation
* Resulting test suite's mutation score: 0%
* Compiling and checking tests
[MASTER] 19:02:19.550 [pool-2-thread-1] WARN  TimeController - Current phase WRITING_TESTS could run up to 6s, but only 5s are left
* Writing JUnit test case 'GreatestCommonDivisor_ESTest' to /home/dimitri/Documents/GitHub/java-algorithms-implementation/.evosuite/tmp_2024_03_30_18_37_43/tests
* Done!

