* Starting client
* Connecting to master process on port 13561
* Analyzing classpath: 
  - /home/dimitri/Documents/GitHub/java-algorithms-implementation/target/classes
  - /home/dimitri/.m2/repository/junit/junit/4.12/junit-4.12.jar
  - /home/dimitri/.m2/repository/org/hamcrest/hamcrest-core/1.3/hamcrest-core-1.3.jar
* Finished analyzing classpath
* Generating tests for class com.jwetherell.algorithms.mathematics.Multiplication
* Test criteria:
  - Line Coverage
  - Branch Coverage
  - Exception
  - Mutation testing (weak)
  - Method-Output Coverage
  - Top-Level Method Coverage
  - No-Exception Top-Level Method Coverage
  - Context Branch Coverage
* Setting up search algorithm for whole suite generation
[MASTER] 18:41:49.844 [pool-2-thread-1] WARN  TestSuiteSerialization - Cannot load tests because file does not exist: /home/dimitri/Documents/GitHub/java-algorithms-implementation/.evosuite/evosuite-seeds/com.jwetherell.algorithms.mathematics.Multiplication.seed
* Loaded 0 tests from /home/dimitri/Documents/GitHub/java-algorithms-implementation/.evosuite/evosuite-seeds/com.jwetherell.algorithms.mathematics.Multiplication.seed
* Total number of test goals: 
  - Line 179
  - Branch 122
  - Exception 0
  - MutationFactory 638
  - Output 24
  - Method 9
  - MethodNoException 9
  - CBranchFitnessFactory 122
* Using seed 1711838507220
* Starting evolution
* Search finished after 137s and 8 generations, 5976 statements, best individual has fitness: 8.29166647406917
* Writing sequences to pool
* Minimizing test suite
[MASTER] 18:44:37.974 [pool-2-thread-1] WARN  TestSuiteMinimizer - Minimization timeout. Roll back to original test suite
* Going to analyze the coverage criteria
* Coverage analysis for criterion LINE
* Coverage of criterion LINE: 100%
* Total number of goals: 179
* Number of covered goals: 179
* Coverage analysis for criterion BRANCH
* Coverage of criterion BRANCH: 100%
* Total number of goals: 122
* Number of covered goals: 122
* Coverage analysis for criterion EXCEPTION
* Coverage of criterion EXCEPTION: 100%
* Total number of goals: 7
* Number of covered goals: 7
* Coverage analysis for criterion WEAKMUTATION
* Coverage of criterion WEAKMUTATION: 99%
* Total number of goals: 638
* Number of covered goals: 630
* Coverage analysis for criterion OUTPUT
* Coverage of criterion OUTPUT: 88%
* Total number of goals: 24
* Number of covered goals: 21
* Coverage analysis for criterion METHOD
* Coverage of criterion METHOD: 100%
* Total number of goals: 9
* Number of covered goals: 9
* Coverage analysis for criterion METHODNOEXCEPTION
* Coverage of criterion METHODNOEXCEPTION: 100%
* Total number of goals: 9
* Number of covered goals: 9
* Coverage analysis for criterion CBRANCH
* Coverage of criterion CBRANCH: 100%
* Total number of goals: 122
* Number of covered goals: 122
* Generated 36 tests with total length 408
* Resulting test suite's coverage: 98% (average coverage for all fitness functions)
* Generating assertions
[MASTER] 18:45:04.874 [pool-2-thread-1] WARN  SimpleMutationAssertionGenerator - Reached maximum time to generate assertions, aborting assertion generation
* Resulting test suite's mutation score: 11%
* Compiling and checking tests
[MASTER] 18:45:22.832 [pool-2-thread-1] WARN  JUnitAnalyzer - Found unstable test named test0 -> class java.lang.StackOverflowError: null
[MASTER] 18:45:22.833 [pool-2-thread-1] WARN  JUnitAnalyzer - Failing test:
 int int0 = 0;
int int1 = 3208;
Multiplication.multiplyUsingRecursion(int0, int1);
Multiplication multiplication0 = new Multiplication();
String string0 = "aU\\FDI*";
String string1 = "c";
Multiplication.multiplyUsingLoopWithStringInput(string0, string1);
int int2 = 0;
int int3 = 3938;
Multiplication.multiplyUsingRecursion(int2, int3);

* Writing JUnit test case 'Multiplication_ESTest' to /home/dimitri/Documents/GitHub/java-algorithms-implementation/.evosuite/tmp_2024_03_30_18_37_43/tests
* Done!

